0 info it worked if it ends with ok
1 verbose cli [ 'node', '/usr/local/bin/npm', 'publish', '-f' ]
2 info using npm@2.0.0-beta.0
3 info using node@v0.10.31
4 verbose node symlink /usr/local/bin/node
5 warn using --force I sure hope you know what you are doing.
6 verbose publish [ '.' ]
7 verbose cache add [ '.', null ]
8 verbose cache add spec="." args=[".",null]
9 verbose cache add local package /Users/taraskunch/Workspaces/sandbox/cron-jobs
10 silly lockFile 3a52ce78- .
11 verbose lock . /Users/taraskunch/.npm/3a52ce78-.lock
12 verbose tar pack [ '/Users/taraskunch/.npm/cron-jobs/1.0.1/package.tgz', '.' ]
13 verbose tarball /Users/taraskunch/.npm/cron-jobs/1.0.1/package.tgz
14 verbose folder .
15 info prepublish cron-jobs@1.0.1
16 silly lockFile 1f1177db-tar tar://.
17 verbose lock tar://. /Users/taraskunch/.npm/1f1177db-tar.lock
18 silly lockFile db5fa9e8--npm-cron-jobs-1-0-1-package-tgz tar:///Users/taraskunch/.npm/cron-jobs/1.0.1/package.tgz
19 verbose lock tar:///Users/taraskunch/.npm/cron-jobs/1.0.1/package.tgz /Users/taraskunch/.npm/db5fa9e8--npm-cron-jobs-1-0-1-package-tgz.lock
20 silly lockFile 1f1177db-tar tar://.
21 silly lockFile 1f1177db-tar tar://.
22 silly lockFile db5fa9e8--npm-cron-jobs-1-0-1-package-tgz tar:///Users/taraskunch/.npm/cron-jobs/1.0.1/package.tgz
23 silly lockFile db5fa9e8--npm-cron-jobs-1-0-1-package-tgz tar:///Users/taraskunch/.npm/cron-jobs/1.0.1/package.tgz
24 silly lockFile 0e1ed286-unch-npm-cron-jobs-1-0-1-package /Users/taraskunch/.npm/cron-jobs/1.0.1/package
25 verbose lock /Users/taraskunch/.npm/cron-jobs/1.0.1/package /Users/taraskunch/.npm/0e1ed286-unch-npm-cron-jobs-1-0-1-package.lock
26 silly lockFile 0e1ed286-unch-npm-cron-jobs-1-0-1-package /Users/taraskunch/.npm/cron-jobs/1.0.1/package
27 silly lockFile 0e1ed286-unch-npm-cron-jobs-1-0-1-package /Users/taraskunch/.npm/cron-jobs/1.0.1/package
28 silly lockFile 3a52ce78- .
29 silly lockFile 3a52ce78- .
30 silly publish { name: 'cron-jobs',
30 silly publish   version: '1.0.1',
30 silly publish   description: 'Command line tool for managing cron jobs for application',
30 silly publish   author: { name: 'Taras Kunch', email: 'taras.kunch@gmail.com' },
30 silly publish   repository: { type: 'git', url: 'git@github.com:kunik/cron-jobs.git' },
30 silly publish   bin: { 'cron-jobs': 'bin/cron-jobs' },
30 silly publish   preferGlobal: true,
30 silly publish   main: 'index.js',
30 silly publish   license: 'MIT',
30 silly publish   dependencies:
30 silly publish    { crontab: '^1.0.2',
30 silly publish      optimist: '^0.6.1',
30 silly publish      q: '^1.0.1',
30 silly publish      underscore: '^1.7.0' },
30 silly publish   readme: '# cron-jobs\n\nCommand line tool for managing cron jobs for application.\nInspired by https://github.com/javan/whenever\n\n## Installation\n\n```sh\n$ npm install cron-jobs\n```\n\n## Example of `cron-jobs.js`\n\n```javascript\nmodule.exports = function (cron) {\n  cron\n    // set any variable you want\n    .set(\'whenever_command\', \'bundle exec whenever\')\n    // attach any environment variable to jobs\n    .env(\'PATH\')\n    // or simply define environment variable\n    .env(\'HELLO\', \'WORLD\')\n\n    //define job types\n    .jobType(\'rake\',    \'cd <%= path %> && <%= environment_variable %>=<%= environment %> bundle exec rake <%= task %> --silent <%= output %>\')\n    .jobType(\'runner\',  \'cd <%= path %> && script/rails runner -e <%= environment %> "<%= task %>" <%= output %>\')\n\n    //schedule defining time in node-crontab syntax\n    .schedule(function(j) {\n      j.minute().at(30);\n      j.hour().at(9);\n      j.dom().on(24);\n      j.month().in(\'dec\');\n    }, [\n      cron.command(\'echo "you can use raw cron syntax too"\'),\n      cron.rake(\'db:drop\'),\n      cron.runner(\'hello()\')\n    ])\n    // or simply pass date object\n    .schedule(new Date(), cron.command(\'ls -la\'))\n    // or use crontab syntax\n    .schedule(\'0 3 * * *\', cron.command(\'echo "hello"\'))\n    .schedule(function(j) {\n      j.hour().every(2);\n    }, cron.command(\'echo "Hello" | mail "mail@example.com"\'));\n};\n```\n',
30 silly publish   readmeFilename: 'README.md',
30 silly publish   gitHead: '3d7d503566fe24ba340988bbe05f9aa750e0b434',
30 silly publish   bugs: { url: 'https://github.com/kunik/cron-jobs/issues' },
30 silly publish   homepage: 'https://github.com/kunik/cron-jobs',
30 silly publish   _id: 'cron-jobs@1.0.1',
30 silly publish   scripts: {},
30 silly publish   _shasum: 'ef63b24bc244d55f23daa19a91436962d8db8305',
30 silly publish   _from: '.' }
31 verbose mapToRegistry name cron-jobs
32 verbose mapToRegistry uri https://registry.npmjs.org/cron-jobs
33 verbose publish registryBase https://registry.npmjs.org/
34 verbose request on initialization, where is /cron-jobs
35 verbose request after pass 1, where is /cron-jobs
36 verbose request url raw /cron-jobs
37 verbose request resolving registry [ 'https://registry.npmjs.org/', './cron-jobs' ]
38 verbose request after pass 2, where is https://registry.npmjs.org/cron-jobs
39 info retrier registry request attempt 1 at 18:03:09
40 verbose request id 8a90c31159cc0c7a
41 http request PUT https://registry.npmjs.org/cron-jobs
42 http 403 https://registry.npmjs.org/cron-jobs
43 verbose headers { date: 'Thu, 23 Oct 2014 15:03:10 GMT',
43 verbose headers   server: 'CouchDB/1.5.0 (Erlang OTP/R16B03)',
43 verbose headers   'content-type': 'application/json',
43 verbose headers   'cache-control': 'max-age=60',
43 verbose headers   'content-length': '230',
43 verbose headers   'accept-ranges': 'bytes',
43 verbose headers   via: '1.1 varnish',
43 verbose headers   'x-served-by': 'cache-fra1226-FRA',
43 verbose headers   'x-cache': 'MISS',
43 verbose headers   'x-cache-hits': '0',
43 verbose headers   'x-timer': 'S1414076589.466254,VS0,VE677',
43 verbose headers   'keep-alive': 'timeout=10, max=50',
43 verbose headers   connection: 'Keep-Alive' }
44 error publish Failed PUT 403
45 error Error: forbidden Attempting to modify version 1.0.1,
45 error which was previously published on 2014-10-23T15:00:37.780Z.
45 error This is forbidden, to maintain package integrity.
45 error Please update the version number and try again.: cron-jobs
45 error     at RegClient.<anonymous> (/usr/local/lib/node_modules/npm/node_modules/npm-registry-client/lib/request.js:245:14)
45 error     at Request._callback (/usr/local/lib/node_modules/npm/node_modules/npm-registry-client/lib/request.js:183:65)
45 error     at Request.self.callback (/usr/local/lib/node_modules/npm/node_modules/request/request.js:123:22)
45 error     at Request.emit (events.js:98:17)
45 error     at Request.<anonymous> (/usr/local/lib/node_modules/npm/node_modules/request/request.js:1047:14)
45 error     at Request.emit (events.js:117:20)
45 error     at IncomingMessage.<anonymous> (/usr/local/lib/node_modules/npm/node_modules/request/request.js:998:12)
45 error     at IncomingMessage.emit (events.js:117:20)
45 error     at _stream_readable.js:943:16
45 error     at process._tickCallback (node.js:419:13)
46 error If you need help, you may report this *entire* log,
46 error including the npm and node versions, at:
46 error     <http://github.com/npm/npm/issues>
47 error System Darwin 14.0.0
48 error command "node" "/usr/local/bin/npm" "publish" "-f"
49 error cwd /Users/taraskunch/Workspaces/sandbox/cron-jobs
50 error node -v v0.10.31
51 error npm -v 2.0.0-beta.0
52 verbose exit [ 1, true ]
